05:28 qhuyluvyou:  placed a sign @ spawn: x-94, z-15
  Thank you forwd
  buying this
  setup!
  - Hyronic Studio 
05:29 qhuyluvyou: :3
05:56 qhuyluvyou: ccc
05:56 qhuyluvyou: cc
05:56 qhuyluvyou: cc
05:56 qhuyluvyou: cc
05:56 qhuyluvyou: cc
06:06 qhuyluvyou: :3
06:10 qhuyluvyou: :3
06:11 qhuyluvyou: lol
06:11 qhuyluvyou: :3
06:12 qhuyluvyou: lol
06:16 qhuyluvyou: huhu
06:19 qhuyluvyou: i dont know
06:20 qhuyluvyou: :3
06:31 qhuyluvyou: :3
06:31 qhuyluvyou: ok
07:20 qhuyluvyou: dh features help
07:24 qhuyluvyou:  placed a sign @ spawn: x-94, z-15
  Hyronic Survival
  Setup Pack
07:24 qhuyluvyou:  placed a sign @ spawn: x-94, z-15
  Modifier name :
  qhuyluvyou
07:24 qhuyluvyou:  placed a sign @ spawn: x-93, z-15
  Owner by :
  qhuyluvyou
07:25 qhuyluvyou:  placed a sign @ spawn: x-95, z-15
  All by :
  qhuyluvyou
